<?xml version="1.0" encoding="UTF-8"?>
<testsuite name="ru.stqa.pft.addressbook.tests.GroupDeletionTests" tests="1" skipped="0" failures="0" errors="0" timestamp="2018-05-22T01:12:53" hostname="Oleg" time="1.487">
  <properties/>
  <testcase name="testGroupDeletionTests" classname="ru.stqa.pft.addressbook.tests.GroupDeletionTests" time="1.487"/>
  <system-out><![CDATA[]]></system-out>
  <system-err><![CDATA[]]></system-err>
</testsuite>
