<?xml version="1.0" encoding="UTF-8"?>
<testsuite name="ru.stqa.pft.addressbook.tests.GroupCreationTests" tests="5" skipped="0" failures="0" errors="0" timestamp="2018-05-22T01:12:39" hostname="Oleg" time="11.484">
  <properties/>
  <testcase name="testGroupCreation[0](GroupData{id='2147483647', name='test0'})" classname="ru.stqa.pft.addressbook.tests.GroupCreationTests" time="3.137"/>
  <testcase name="testGroupCreation[1](GroupData{id='2147483647', name='test1'})" classname="ru.stqa.pft.addressbook.tests.GroupCreationTests" time="2.011"/>
  <testcase name="testGroupCreation[2](GroupData{id='2147483647', name='test2'})" classname="ru.stqa.pft.addressbook.tests.GroupCreationTests" time="1.941"/>
  <testcase name="testGroupCreation[3](GroupData{id='2147483647', name='test3'})" classname="ru.stqa.pft.addressbook.tests.GroupCreationTests" time="2.208"/>
  <testcase name="testGroupCreation[4](GroupData{id='2147483647', name='test4'})" classname="ru.stqa.pft.addressbook.tests.GroupCreationTests" time="2.186"/>
  <system-out><![CDATA[]]></system-out>
  <system-err><![CDATA[]]></system-err>
</testsuite>
