<?xml version="1.0" encoding="UTF-8"?>
<testsuite name="ru.stqa.pft.addressbook.tests.ContactCreationTest" tests="3" skipped="0" failures="0" errors="0" timestamp="2018-05-22T01:10:22" hostname="Oleg" time="35.228">
  <properties/>
  <testcase name="testContactCreationTest[0](ContactData{firstName='Red 0', lastName='Yellow 0', id='2147483647'})" classname="ru.stqa.pft.addressbook.tests.ContactCreationTest" time="11.777"/>
  <testcase name="testContactCreationTest[1](ContactData{firstName='Red 1', lastName='Yellow 1', id='2147483647'})" classname="ru.stqa.pft.addressbook.tests.ContactCreationTest" time="11.789"/>
  <testcase name="testContactCreationTest[2](ContactData{firstName='Red 2', lastName='Yellow 2', id='2147483647'})" classname="ru.stqa.pft.addressbook.tests.ContactCreationTest" time="11.662"/>
  <system-out><![CDATA[]]></system-out>
  <system-err><![CDATA[]]></system-err>
</testsuite>
